Determining if the pthread_create exist failed with the following output:
Change Dir: /home/pranay/ros_ws/vw_detect/CMakeFiles/CMakeTmp

Run Build Command:"/usr/bin/make" "cmTC_e78f8/fast"
/usr/bin/make -f CMakeFiles/cmTC_e78f8.dir/build.make CMakeFiles/cmTC_e78f8.dir/build
make[1]: Entering directory '/home/pranay/ros_ws/vw_detect/CMakeFiles/CMakeTmp'
Building C object CMakeFiles/cmTC_e78f8.dir/CheckSymbolExists.c.o
/usr/bin/gcc     -o CMakeFiles/cmTC_e78f8.dir/CheckSymbolExists.c.o   -c /home/pranay/ros_ws/vw_detect/CMakeFiles/CMakeTmp/CheckSymbolExists.c
Linking C executable cmTC_e78f8
/usr/bin/cmake -E cmake_link_script CMakeFiles/cmTC_e78f8.dir/link.txt --verbose=1
/usr/bin/gcc       CMakeFiles/cmTC_e78f8.dir/CheckSymbolExists.c.o  -o cmTC_e78f8 -rdynamic 
CMakeFiles/cmTC_e78f8.dir/CheckSymbolExists.c.o: In function `main':
CheckSymbolExists.c:(.text+0x16): undefined reference to `pthread_create'
collect2: error: ld returned 1 exit status
CMakeFiles/cmTC_e78f8.dir/build.make:97: recipe for target 'cmTC_e78f8' failed
make[1]: *** [cmTC_e78f8] Error 1
make[1]: Leaving directory '/home/pranay/ros_ws/vw_detect/CMakeFiles/CMakeTmp'
Makefile:126: recipe for target 'cmTC_e78f8/fast' failed
make: *** [cmTC_e78f8/fast] Error 2

File /home/pranay/ros_ws/vw_detect/CMakeFiles/CMakeTmp/CheckSymbolExists.c:
/* */
#include <pthread.h>

int main(int argc, char** argv)
{
  (void)argv;
#ifndef pthread_create
  return ((int*)(&pthread_create))[argc];
#else
  (void)argc;
  return 0;
#endif
}

Determining if the function pthread_create exists in the pthreads failed with the following output:
Change Dir: /home/pranay/ros_ws/vw_detect/CMakeFiles/CMakeTmp

Run Build Command:"/usr/bin/make" "cmTC_e5e1e/fast"
/usr/bin/make -f CMakeFiles/cmTC_e5e1e.dir/build.make CMakeFiles/cmTC_e5e1e.dir/build
make[1]: Entering directory '/home/pranay/ros_ws/vw_detect/CMakeFiles/CMakeTmp'
Building C object CMakeFiles/cmTC_e5e1e.dir/CheckFunctionExists.c.o
/usr/bin/gcc    -DCHECK_FUNCTION_EXISTS=pthread_create   -o CMakeFiles/cmTC_e5e1e.dir/CheckFunctionExists.c.o   -c /usr/share/cmake-3.5/Modules/CheckFunctionExists.c
Linking C executable cmTC_e5e1e
/usr/bin/cmake -E cmake_link_script CMakeFiles/cmTC_e5e1e.dir/link.txt --verbose=1
/usr/bin/gcc   -DCHECK_FUNCTION_EXISTS=pthread_create    CMakeFiles/cmTC_e5e1e.dir/CheckFunctionExists.c.o  -o cmTC_e5e1e -rdynamic -lpthreads 
/usr/bin/ld: cannot find -lpthreads
collect2: error: ld returned 1 exit status
CMakeFiles/cmTC_e5e1e.dir/build.make:97: recipe for target 'cmTC_e5e1e' failed
make[1]: *** [cmTC_e5e1e] Error 1
make[1]: Leaving directory '/home/pranay/ros_ws/vw_detect/CMakeFiles/CMakeTmp'
Makefile:126: recipe for target 'cmTC_e5e1e/fast' failed
make: *** [cmTC_e5e1e/fast] Error 2


Determining if the pthread_create exist failed with the following output:
Change Dir: /home/pranay/ros_ws/Desktop/vw_detect/CMakeFiles/CMakeTmp

Run Build Command:"/usr/bin/make" "cmTC_1a63e/fast"
/usr/bin/make -f CMakeFiles/cmTC_1a63e.dir/build.make CMakeFiles/cmTC_1a63e.dir/build
make[1]: Entering directory '/home/pranay/ros_ws/Desktop/vw_detect/CMakeFiles/CMakeTmp'
Building C object CMakeFiles/cmTC_1a63e.dir/CheckSymbolExists.c.o
/usr/bin/gcc     -o CMakeFiles/cmTC_1a63e.dir/CheckSymbolExists.c.o   -c /home/pranay/ros_ws/Desktop/vw_detect/CMakeFiles/CMakeTmp/CheckSymbolExists.c
Linking C executable cmTC_1a63e
/usr/bin/cmake -E cmake_link_script CMakeFiles/cmTC_1a63e.dir/link.txt --verbose=1
/usr/bin/gcc       CMakeFiles/cmTC_1a63e.dir/CheckSymbolExists.c.o  -o cmTC_1a63e -rdynamic 
CMakeFiles/cmTC_1a63e.dir/CheckSymbolExists.c.o: In function `main':
CheckSymbolExists.c:(.text+0x16): undefined reference to `pthread_create'
collect2: error: ld returned 1 exit status
CMakeFiles/cmTC_1a63e.dir/build.make:97: recipe for target 'cmTC_1a63e' failed
make[1]: *** [cmTC_1a63e] Error 1
make[1]: Leaving directory '/home/pranay/ros_ws/Desktop/vw_detect/CMakeFiles/CMakeTmp'
Makefile:126: recipe for target 'cmTC_1a63e/fast' failed
make: *** [cmTC_1a63e/fast] Error 2

File /home/pranay/ros_ws/Desktop/vw_detect/CMakeFiles/CMakeTmp/CheckSymbolExists.c:
/* */
#include <pthread.h>

int main(int argc, char** argv)
{
  (void)argv;
#ifndef pthread_create
  return ((int*)(&pthread_create))[argc];
#else
  (void)argc;
  return 0;
#endif
}

Determining if the function pthread_create exists in the pthreads failed with the following output:
Change Dir: /home/pranay/ros_ws/Desktop/vw_detect/CMakeFiles/CMakeTmp

Run Build Command:"/usr/bin/make" "cmTC_c0e44/fast"
/usr/bin/make -f CMakeFiles/cmTC_c0e44.dir/build.make CMakeFiles/cmTC_c0e44.dir/build
make[1]: Entering directory '/home/pranay/ros_ws/Desktop/vw_detect/CMakeFiles/CMakeTmp'
Building C object CMakeFiles/cmTC_c0e44.dir/CheckFunctionExists.c.o
/usr/bin/gcc    -DCHECK_FUNCTION_EXISTS=pthread_create   -o CMakeFiles/cmTC_c0e44.dir/CheckFunctionExists.c.o   -c /usr/share/cmake-3.5/Modules/CheckFunctionExists.c
Linking C executable cmTC_c0e44
/usr/bin/cmake -E cmake_link_script CMakeFiles/cmTC_c0e44.dir/link.txt --verbose=1
/usr/bin/gcc   -DCHECK_FUNCTION_EXISTS=pthread_create    CMakeFiles/cmTC_c0e44.dir/CheckFunctionExists.c.o  -o cmTC_c0e44 -rdynamic -lpthreads 
/usr/bin/ld: cannot find -lpthreads
collect2: error: ld returned 1 exit status
CMakeFiles/cmTC_c0e44.dir/build.make:97: recipe for target 'cmTC_c0e44' failed
make[1]: *** [cmTC_c0e44] Error 1
make[1]: Leaving directory '/home/pranay/ros_ws/Desktop/vw_detect/CMakeFiles/CMakeTmp'
Makefile:126: recipe for target 'cmTC_c0e44/fast' failed
make: *** [cmTC_c0e44/fast] Error 2


Determining if the pthread_create exist failed with the following output:
Change Dir: /home/pranay/ros_ws/Desktop/vw_detect/CMakeFiles/CMakeTmp

Run Build Command:"/usr/bin/make" "cmTC_6504d/fast"
/usr/bin/make -f CMakeFiles/cmTC_6504d.dir/build.make CMakeFiles/cmTC_6504d.dir/build
make[1]: Entering directory '/home/pranay/ros_ws/Desktop/vw_detect/CMakeFiles/CMakeTmp'
Building C object CMakeFiles/cmTC_6504d.dir/CheckSymbolExists.c.o
/usr/bin/gcc     -o CMakeFiles/cmTC_6504d.dir/CheckSymbolExists.c.o   -c /home/pranay/ros_ws/Desktop/vw_detect/CMakeFiles/CMakeTmp/CheckSymbolExists.c
Linking C executable cmTC_6504d
/usr/bin/cmake -E cmake_link_script CMakeFiles/cmTC_6504d.dir/link.txt --verbose=1
/usr/bin/gcc       CMakeFiles/cmTC_6504d.dir/CheckSymbolExists.c.o  -o cmTC_6504d -rdynamic 
CMakeFiles/cmTC_6504d.dir/CheckSymbolExists.c.o: In function `main':
CheckSymbolExists.c:(.text+0x16): undefined reference to `pthread_create'
collect2: error: ld returned 1 exit status
CMakeFiles/cmTC_6504d.dir/build.make:97: recipe for target 'cmTC_6504d' failed
make[1]: *** [cmTC_6504d] Error 1
make[1]: Leaving directory '/home/pranay/ros_ws/Desktop/vw_detect/CMakeFiles/CMakeTmp'
Makefile:126: recipe for target 'cmTC_6504d/fast' failed
make: *** [cmTC_6504d/fast] Error 2

File /home/pranay/ros_ws/Desktop/vw_detect/CMakeFiles/CMakeTmp/CheckSymbolExists.c:
/* */
#include <pthread.h>

int main(int argc, char** argv)
{
  (void)argv;
#ifndef pthread_create
  return ((int*)(&pthread_create))[argc];
#else
  (void)argc;
  return 0;
#endif
}

Determining if the function pthread_create exists in the pthreads failed with the following output:
Change Dir: /home/pranay/ros_ws/Desktop/vw_detect/CMakeFiles/CMakeTmp

Run Build Command:"/usr/bin/make" "cmTC_8d41a/fast"
/usr/bin/make -f CMakeFiles/cmTC_8d41a.dir/build.make CMakeFiles/cmTC_8d41a.dir/build
make[1]: Entering directory '/home/pranay/ros_ws/Desktop/vw_detect/CMakeFiles/CMakeTmp'
Building C object CMakeFiles/cmTC_8d41a.dir/CheckFunctionExists.c.o
/usr/bin/gcc    -DCHECK_FUNCTION_EXISTS=pthread_create   -o CMakeFiles/cmTC_8d41a.dir/CheckFunctionExists.c.o   -c /usr/share/cmake-3.5/Modules/CheckFunctionExists.c
Linking C executable cmTC_8d41a
/usr/bin/cmake -E cmake_link_script CMakeFiles/cmTC_8d41a.dir/link.txt --verbose=1
/usr/bin/gcc   -DCHECK_FUNCTION_EXISTS=pthread_create    CMakeFiles/cmTC_8d41a.dir/CheckFunctionExists.c.o  -o cmTC_8d41a -rdynamic -lpthreads 
/usr/bin/ld: cannot find -lpthreads
collect2: error: ld returned 1 exit status
CMakeFiles/cmTC_8d41a.dir/build.make:97: recipe for target 'cmTC_8d41a' failed
make[1]: *** [cmTC_8d41a] Error 1
make[1]: Leaving directory '/home/pranay/ros_ws/Desktop/vw_detect/CMakeFiles/CMakeTmp'
Makefile:126: recipe for target 'cmTC_8d41a/fast' failed
make: *** [cmTC_8d41a/fast] Error 2


Determining if the pthread_create exist failed with the following output:
Change Dir: /home/pranay/ros_ws/Desktop/vw_detect/CMakeFiles/CMakeTmp

Run Build Command:"/usr/bin/make" "cmTC_1afb0/fast"
/usr/bin/make -f CMakeFiles/cmTC_1afb0.dir/build.make CMakeFiles/cmTC_1afb0.dir/build
make[1]: Entering directory '/home/pranay/ros_ws/Desktop/vw_detect/CMakeFiles/CMakeTmp'
Building C object CMakeFiles/cmTC_1afb0.dir/CheckSymbolExists.c.o
/usr/bin/gcc     -o CMakeFiles/cmTC_1afb0.dir/CheckSymbolExists.c.o   -c /home/pranay/ros_ws/Desktop/vw_detect/CMakeFiles/CMakeTmp/CheckSymbolExists.c
Linking C executable cmTC_1afb0
/usr/bin/cmake -E cmake_link_script CMakeFiles/cmTC_1afb0.dir/link.txt --verbose=1
/usr/bin/gcc       CMakeFiles/cmTC_1afb0.dir/CheckSymbolExists.c.o  -o cmTC_1afb0 -rdynamic 
CMakeFiles/cmTC_1afb0.dir/CheckSymbolExists.c.o: In function `main':
CheckSymbolExists.c:(.text+0x16): undefined reference to `pthread_create'
collect2: error: ld returned 1 exit status
CMakeFiles/cmTC_1afb0.dir/build.make:97: recipe for target 'cmTC_1afb0' failed
make[1]: *** [cmTC_1afb0] Error 1
make[1]: Leaving directory '/home/pranay/ros_ws/Desktop/vw_detect/CMakeFiles/CMakeTmp'
Makefile:126: recipe for target 'cmTC_1afb0/fast' failed
make: *** [cmTC_1afb0/fast] Error 2

File /home/pranay/ros_ws/Desktop/vw_detect/CMakeFiles/CMakeTmp/CheckSymbolExists.c:
/* */
#include <pthread.h>

int main(int argc, char** argv)
{
  (void)argv;
#ifndef pthread_create
  return ((int*)(&pthread_create))[argc];
#else
  (void)argc;
  return 0;
#endif
}

Determining if the function pthread_create exists in the pthreads failed with the following output:
Change Dir: /home/pranay/ros_ws/Desktop/vw_detect/CMakeFiles/CMakeTmp

Run Build Command:"/usr/bin/make" "cmTC_c7e40/fast"
/usr/bin/make -f CMakeFiles/cmTC_c7e40.dir/build.make CMakeFiles/cmTC_c7e40.dir/build
make[1]: Entering directory '/home/pranay/ros_ws/Desktop/vw_detect/CMakeFiles/CMakeTmp'
Building C object CMakeFiles/cmTC_c7e40.dir/CheckFunctionExists.c.o
/usr/bin/gcc    -DCHECK_FUNCTION_EXISTS=pthread_create   -o CMakeFiles/cmTC_c7e40.dir/CheckFunctionExists.c.o   -c /usr/share/cmake-3.5/Modules/CheckFunctionExists.c
Linking C executable cmTC_c7e40
/usr/bin/cmake -E cmake_link_script CMakeFiles/cmTC_c7e40.dir/link.txt --verbose=1
/usr/bin/gcc   -DCHECK_FUNCTION_EXISTS=pthread_create    CMakeFiles/cmTC_c7e40.dir/CheckFunctionExists.c.o  -o cmTC_c7e40 -rdynamic -lpthreads 
/usr/bin/ld: cannot find -lpthreads
collect2: error: ld returned 1 exit status
CMakeFiles/cmTC_c7e40.dir/build.make:97: recipe for target 'cmTC_c7e40' failed
make[1]: *** [cmTC_c7e40] Error 1
make[1]: Leaving directory '/home/pranay/ros_ws/Desktop/vw_detect/CMakeFiles/CMakeTmp'
Makefile:126: recipe for target 'cmTC_c7e40/fast' failed
make: *** [cmTC_c7e40/fast] Error 2


Determining if the pthread_create exist failed with the following output:
Change Dir: /home/pranay/ros_ws/Desktop/vw_detect/CMakeFiles/CMakeTmp

Run Build Command:"/usr/bin/make" "cmTC_f86c4/fast"
/usr/bin/make -f CMakeFiles/cmTC_f86c4.dir/build.make CMakeFiles/cmTC_f86c4.dir/build
make[1]: Entering directory '/home/pranay/ros_ws/Desktop/vw_detect/CMakeFiles/CMakeTmp'
Building C object CMakeFiles/cmTC_f86c4.dir/CheckSymbolExists.c.o
/usr/bin/gcc     -o CMakeFiles/cmTC_f86c4.dir/CheckSymbolExists.c.o   -c /home/pranay/ros_ws/Desktop/vw_detect/CMakeFiles/CMakeTmp/CheckSymbolExists.c
Linking C executable cmTC_f86c4
/usr/bin/cmake -E cmake_link_script CMakeFiles/cmTC_f86c4.dir/link.txt --verbose=1
/usr/bin/gcc       CMakeFiles/cmTC_f86c4.dir/CheckSymbolExists.c.o  -o cmTC_f86c4 -rdynamic 
CMakeFiles/cmTC_f86c4.dir/CheckSymbolExists.c.o: In function `main':
CheckSymbolExists.c:(.text+0x16): undefined reference to `pthread_create'
collect2: error: ld returned 1 exit status
CMakeFiles/cmTC_f86c4.dir/build.make:97: recipe for target 'cmTC_f86c4' failed
make[1]: *** [cmTC_f86c4] Error 1
make[1]: Leaving directory '/home/pranay/ros_ws/Desktop/vw_detect/CMakeFiles/CMakeTmp'
Makefile:126: recipe for target 'cmTC_f86c4/fast' failed
make: *** [cmTC_f86c4/fast] Error 2

File /home/pranay/ros_ws/Desktop/vw_detect/CMakeFiles/CMakeTmp/CheckSymbolExists.c:
/* */
#include <pthread.h>

int main(int argc, char** argv)
{
  (void)argv;
#ifndef pthread_create
  return ((int*)(&pthread_create))[argc];
#else
  (void)argc;
  return 0;
#endif
}

Determining if the function pthread_create exists in the pthreads failed with the following output:
Change Dir: /home/pranay/ros_ws/Desktop/vw_detect/CMakeFiles/CMakeTmp

Run Build Command:"/usr/bin/make" "cmTC_782d1/fast"
/usr/bin/make -f CMakeFiles/cmTC_782d1.dir/build.make CMakeFiles/cmTC_782d1.dir/build
make[1]: Entering directory '/home/pranay/ros_ws/Desktop/vw_detect/CMakeFiles/CMakeTmp'
Building C object CMakeFiles/cmTC_782d1.dir/CheckFunctionExists.c.o
/usr/bin/gcc    -DCHECK_FUNCTION_EXISTS=pthread_create   -o CMakeFiles/cmTC_782d1.dir/CheckFunctionExists.c.o   -c /usr/share/cmake-3.5/Modules/CheckFunctionExists.c
Linking C executable cmTC_782d1
/usr/bin/cmake -E cmake_link_script CMakeFiles/cmTC_782d1.dir/link.txt --verbose=1
/usr/bin/gcc   -DCHECK_FUNCTION_EXISTS=pthread_create    CMakeFiles/cmTC_782d1.dir/CheckFunctionExists.c.o  -o cmTC_782d1 -rdynamic -lpthreads 
/usr/bin/ld: cannot find -lpthreads
collect2: error: ld returned 1 exit status
CMakeFiles/cmTC_782d1.dir/build.make:97: recipe for target 'cmTC_782d1' failed
make[1]: *** [cmTC_782d1] Error 1
make[1]: Leaving directory '/home/pranay/ros_ws/Desktop/vw_detect/CMakeFiles/CMakeTmp'
Makefile:126: recipe for target 'cmTC_782d1/fast' failed
make: *** [cmTC_782d1/fast] Error 2


